2024-06-25 19:27:45,079 INFO User info submitted: {'age': 'N/A', 'education': 'N/A', 'occupation': 'N/A', 'language': 'N/A'}
2024-06-25 19:27:51,918 INFO Full message to model: 此用戶資訊為： 年齡: N/A, 教育程度: N/A, 職業: N/A, 語言: N/A. 請根據此用戶資訊使用適合的術語去介紹NGS給用戶。如果沒有提及語言，預設即為中文。

你好 我的年齡為
2024-06-25 19:27:55,774 INFO Bot response: 您好！根據您提供的信息，我將介紹NGS（Next Generation Sequencing，下一代基因定序）給您。

NGS是一種先進的基因定序技術，可用於快速地獲取和分析個體的基因組信息。通過NGS，我們能夠更深入地了解個體DNA的組成，對基因變異和突變進行更準確的檢測，並應用於各種研究和臨床領域。

如果您對NGS有任何問題或想了解更多信息，請隨時告訴我！
2024-06-25 19:31:57,666 INFO User info submitted: {'age': 'N/A', 'education': 'N/A', 'occupation': 'N/A', 'language': 'N/A'}
2024-06-25 19:39:41,501 INFO /Users/zoungming/Desktop/GenAI_Stars-NGS_Platform/NGS_Platform/chatbot_app/views.py changed, reloading.
2024-06-25 19:39:54,144 INFO /Users/zoungming/Desktop/GenAI_Stars-NGS_Platform/NGS_Platform/chatbot_app/views.py changed, reloading.
2024-06-25 19:40:03,543 INFO User info submitted: {'age': 'N/A', 'education': 'N/A', 'occupation': 'N/A', 'language': 'N/A'}
2024-06-25 19:47:25,097 INFO /Users/zoungming/Desktop/GenAI_Stars-NGS_Platform/NGS_Platform/chatbot_app/urls.py changed, reloading.
2024-06-25 19:48:59,836 INFO /Users/zoungming/Desktop/GenAI_Stars-NGS_Platform/NGS_Platform/chatbot_app/views.py changed, reloading.
2024-06-25 19:49:52,399 WARNING Not Found: /favicon.ico
2024-06-25 19:50:22,539 INFO /Users/zoungming/Desktop/GenAI_Stars-NGS_Platform/NGS_Platform/chatbot_app/views.py changed, reloading.
2024-06-25 19:50:36,425 INFO User info submitted: {'age': 'N/A', 'education': 'N/A', 'occupation': 'N/A', 'language': 'N/A'}
2024-06-25 19:53:44,302 INFO /Users/zoungming/Desktop/GenAI_Stars-NGS_Platform/NGS_Platform/chatbot_app/views.py changed, reloading.
2024-06-25 19:53:52,874 INFO /Users/zoungming/Desktop/GenAI_Stars-NGS_Platform/NGS_Platform/chatbot_app/urls.py changed, reloading.
2024-06-25 19:53:55,722 WARNING Not Found: /favicon.ico
2024-06-25 19:53:58,920 ERROR Internal Server Error: /submit_user_info/
Traceback (most recent call last):
  File "/Users/zoungming/Desktop/GenAI_Stars-NGS_Platform/NGS_Platform/chatbot_app/views.py", line 34, in submit_user_info
    data = json.loads(request.body)
           ^^^^
NameError: name 'json' is not defined

During handling of the above exception, another exception occurred:

Traceback (most recent call last):
  File "/opt/anaconda3/envs/genai/lib/python3.11/site-packages/django/core/handlers/exception.py", line 55, in inner
    response = get_response(request)
               ^^^^^^^^^^^^^^^^^^^^^
  File "/opt/anaconda3/envs/genai/lib/python3.11/site-packages/django/core/handlers/base.py", line 197, in _get_response
    response = wrapped_callback(request, *callback_args, **callback_kwargs)
               ^^^^^^^^^^^^^^^^^^^^^^^^^^^^^^^^^^^^^^^^^^^^^^^^^^^^^^^^^^^^
  File "/Users/zoungming/Desktop/GenAI_Stars-NGS_Platform/NGS_Platform/chatbot_app/views.py", line 41, in submit_user_info
    except json.JSONDecodeError:
           ^^^^
NameError: name 'json' is not defined
2024-06-25 19:54:08,632 INFO /Users/zoungming/Desktop/GenAI_Stars-NGS_Platform/NGS_Platform/chatbot_app/views.py changed, reloading.
2024-06-25 19:54:10,039 INFO /Users/zoungming/Desktop/GenAI_Stars-NGS_Platform/NGS_Platform/chatbot_app/views.py changed, reloading.
2024-06-25 19:54:13,085 INFO User info submitted: {'age': '20', 'education': '', 'occupation': '', 'language': ''}
2024-06-25 19:54:28,640 INFO Full message to model: 此用戶資訊為： 年齡: 20, 教育程度: , 職業: , 語言: . 請根據此用戶資訊使用適合的術語去介紹NGS給用戶。如果沒有提及語言，預設即為中文。

你好，請問我的年齡為？
2024-06-25 19:54:32,211 INFO Bot response: 您好！根據您提供的用戶資訊，請問您的年齡是20歲嗎？如果您對 NGS (Next-Generation Sequencing) 有興趣，我可以為您介紹這項技術。NGS 是一種高通量的基因體序列分析技術，可用於快速和準確地檢測基因組中的變異。這在醫學、農業和研究領域都有廣泛的應用。您對 NGS 有任何問題嗎？
2024-06-25 19:56:24,878 INFO /Users/zoungming/Desktop/GenAI_Stars-NGS_Platform/NGS_Platform/chatbot_app/urls.py changed, reloading.
2024-06-25 19:57:38,630 INFO /Users/zoungming/Desktop/GenAI_Stars-NGS_Platform/NGS_Platform/chatbot_app/views.py changed, reloading.
2024-06-25 19:57:49,176 INFO /Users/zoungming/Desktop/GenAI_Stars-NGS_Platform/NGS_Platform/chatbot_app/views.py changed, reloading.
2024-06-25 19:57:57,665 INFO /Users/zoungming/Desktop/GenAI_Stars-NGS_Platform/NGS_Platform/chatbot_app/views.py changed, reloading.
2024-06-25 19:58:06,050 INFO /Users/zoungming/Desktop/GenAI_Stars-NGS_Platform/NGS_Platform/chatbot_app/views.py changed, reloading.
2024-06-25 19:58:12,430 INFO /Users/zoungming/Desktop/GenAI_Stars-NGS_Platform/NGS_Platform/chatbot_app/views.py changed, reloading.
2024-06-25 19:58:15,762 INFO /Users/zoungming/Desktop/GenAI_Stars-NGS_Platform/NGS_Platform/chatbot_app/views.py changed, reloading.
2024-06-25 19:58:55,651 INFO /Users/zoungming/Desktop/GenAI_Stars-NGS_Platform/NGS_Platform/chatbot_app/views.py changed, reloading.
2024-06-25 19:59:46,754 INFO /Users/zoungming/Desktop/GenAI_Stars-NGS_Platform/NGS_Platform/chatbot_app/views.py changed, reloading.
2024-06-25 19:59:48,207 INFO /Users/zoungming/Desktop/GenAI_Stars-NGS_Platform/NGS_Platform/chatbot_app/views.py changed, reloading.
2024-06-25 19:59:49,498 INFO /Users/zoungming/Desktop/GenAI_Stars-NGS_Platform/NGS_Platform/chatbot_app/views.py changed, reloading.
2024-06-25 19:59:53,973 INFO User info submitted: {'age': '35', 'education': '', 'occupation': '', 'language': ''}
2024-06-25 19:59:59,351 INFO Full message to model: 此用戶資訊為： 年齡: 35, 教育程度: , 職業: , 語言: . 請根據此用戶資訊使用適合的術語去介紹NGS給用戶。如果沒有提及語言，預設即為中文。

我的年齡為？
2024-06-25 20:00:01,003 INFO Bot response: 您的年齡是 35 歲。您想更了解什麼關於 NGS 嗎？
2024-06-26 13:49:59,016 ERROR Error during chat: File ../google_cloud_api.json was not found.
2024-06-26 13:49:59,019 ERROR Internal Server Error: /chat/
2024-06-26 13:51:34,446 INFO /Users/zoungming/Desktop/GenAI_Stars-NGS_Platform/NGS_Platform/chatbot_app/views.py changed, reloading.
2024-06-26 13:51:47,212 ERROR Error during chat: File /Users/zoungming/Desktop/GenAI_Stars-NGS_Platform/NGS_Platform/chatbot_app/google_cloud_api.json was not found.
2024-06-26 13:51:47,214 ERROR Internal Server Error: /chat/
2024-06-26 13:52:33,004 ERROR Error during chat: The file /Users/zoungming/Desktop/GenAI_Stars-NGS_Platform/NGS_Platform/chatbot_app/google_cloud_api.json does not have a valid type. Type is None, expected one of ('authorized_user', 'service_account', 'external_account', 'external_account_authorized_user', 'impersonated_service_account', 'gdch_service_account').
2024-06-26 13:52:33,006 ERROR Internal Server Error: /chat/
2024-06-27 09:45:50,124 WARNING Not Found: /favicon.ico
2024-06-27 09:45:51,966 WARNING Not Found: /favicon.ico
2024-06-27 09:45:58,640 WARNING Not Found: /favicon.ico
2024-06-27 16:49:46,604 WARNING Not Found: /favicon.ico
2024-06-27 16:53:57,949 WARNING Not Found: /favicon.ico
2024-06-27 16:54:25,701 WARNING Not Found: /favicon.ico
2024-06-27 16:56:08,575 WARNING Not Found: /favicon.ico
2024-06-27 17:08:54,660 WARNING Not Found: /favicon.ico
2024-06-27 17:09:26,480 WARNING Not Found: /favicon.ico
2024-06-27 17:09:37,594 WARNING Not Found: /favicon.ico
2024-06-27 17:57:47,887 WARNING Not Found: /favicon.ico
2024-06-27 17:57:48,749 WARNING Not Found: /favicon.ico
2024-06-27 17:57:49,727 WARNING Not Found: /favicon.ico
2024-06-27 17:57:50,465 WARNING Not Found: /favicon.ico
2024-06-28 13:05:10,564 ERROR Error during chat: The file /Users/zoungming/Desktop/GenAI_Stars-NGS_Platform/NGS_Platform/chatbot_app/google_cloud_api.json does not have a valid type. Type is None, expected one of ('authorized_user', 'service_account', 'external_account', 'external_account_authorized_user', 'impersonated_service_account', 'gdch_service_account').
2024-06-28 13:05:10,569 ERROR Internal Server Error: /chat/
2024-06-28 15:32:52,964 ERROR Error during chat: expected str, bytes or os.PathLike object, not InMemoryUploadedFile
2024-06-28 15:32:52,967 ERROR Internal Server Error: /chat/
2024-06-28 15:35:53,453 INFO /Users/zoungming/Desktop/GenAI_Stars-NGS_Platform/NGS_Platform/chatbot_app/views.py changed, reloading.
2024-06-28 15:36:02,259 INFO /Users/zoungming/Desktop/GenAI_Stars-NGS_Platform/NGS_Platform/chatbot_app/views.py changed, reloading.
2024-06-28 15:36:20,427 ERROR Error during chat: 400 sample_rate_hertz `16000` in RecognitionConfig must either be unspecified or match the value in the WEBM OPUS header `48000`.
2024-06-28 15:36:20,430 ERROR Internal Server Error: /chat/
2024-06-28 15:37:50,559 ERROR Error during chat: 400 sample_rate_hertz `16000` in RecognitionConfig must either be unspecified or match the value in the WEBM OPUS header `48000`.
2024-06-28 15:37:50,562 ERROR Internal Server Error: /chat/
2024-06-28 15:38:21,528 INFO /Users/zoungming/Desktop/GenAI_Stars-NGS_Platform/NGS_Platform/chatbot_app/views.py changed, reloading.
2024-06-28 15:39:09,127 ERROR Error during chat: [Errno 2] No such file or directory: 'ffprobe'
2024-06-28 15:39:09,132 ERROR Internal Server Error: /chat/
2024-06-28 15:58:12,904 ERROR Error during chat: 400 RecognitionAudio not set.
2024-06-28 15:58:12,907 ERROR Internal Server Error: /chat/
2024-06-28 15:59:29,705 INFO /Users/zoungming/Desktop/GenAI_Stars-NGS_Platform/NGS_Platform/chatbot_app/views.py changed, reloading.
2024-06-28 16:01:20,508 WARNING Bad Request: /chat/
2024-06-28 16:04:11,021 INFO /Users/zoungming/Desktop/GenAI_Stars-NGS_Platform/NGS_Platform/chatbot_app/views.py changed, reloading.
2024-06-28 16:05:39,041 INFO Received message: None
2024-06-28 16:05:39,045 INFO Received audio file: blob
2024-06-28 16:05:40,023 WARNING Bad Request: /chat/
2024-06-28 16:06:34,083 INFO Received message: None
2024-06-28 16:06:34,086 INFO Received audio file: blob
2024-06-28 16:06:34,801 WARNING Bad Request: /chat/
2024-06-28 16:08:10,502 INFO /Users/zoungming/Desktop/GenAI_Stars-NGS_Platform/NGS_Platform/chatbot_app/views.py changed, reloading.
2024-06-28 16:08:18,187 INFO Received message: None
2024-06-28 16:08:18,189 INFO Received audio file: blob
2024-06-28 16:08:18,836 WARNING Bad Request: /chat/
2024-06-28 16:08:28,778 WARNING Not Found: /favicon.ico
2024-06-28 16:08:33,758 INFO Received message: None
2024-06-28 16:08:33,758 INFO Received audio file: blob
2024-06-28 16:08:34,337 WARNING Bad Request: /chat/
2024-06-28 16:09:11,931 INFO Received message: None
2024-06-28 16:09:11,933 INFO Received audio file: blob
2024-06-28 16:09:12,563 WARNING Bad Request: /chat/
2024-06-28 16:10:24,441 INFO /Users/zoungming/Desktop/GenAI_Stars-NGS_Platform/NGS_Platform/chatbot_app/views.py changed, reloading.
2024-06-28 16:10:40,675 INFO Received message: None
2024-06-28 16:10:40,677 INFO Received audio file: blob
2024-06-28 16:10:41,343 WARNING Bad Request: /chat/
2024-06-28 16:13:31,779 INFO /Users/zoungming/Desktop/GenAI_Stars-NGS_Platform/NGS_Platform/chatbot_app/views.py changed, reloading.
2024-06-28 16:14:51,120 INFO Received message: None
2024-06-28 16:14:51,123 INFO Received audio file: blob
2024-06-28 16:14:51,124 ERROR Error during chat: module 'whisper' has no attribute 'load_model'
2024-06-28 16:14:51,124 ERROR Internal Server Error: /chat/
2024-06-28 16:15:50,191 INFO Received message: None
2024-06-28 16:15:50,193 INFO Received audio file: blob
2024-06-28 16:15:50,193 ERROR Error during chat: module 'whisper' has no attribute 'load_model'
2024-06-28 16:15:50,194 ERROR Internal Server Error: /chat/
2024-06-28 16:16:42,174 INFO Received message: None
2024-06-28 16:16:42,176 INFO Received audio file: blob
2024-06-28 16:16:54,222 ERROR Error during chat: expected np.ndarray (got InMemoryUploadedFile)
2024-06-28 16:16:54,233 ERROR Internal Server Error: /chat/
2024-06-28 16:17:42,670 INFO /Users/zoungming/Desktop/GenAI_Stars-NGS_Platform/NGS_Platform/chatbot_app/views.py changed, reloading.
2024-06-28 16:17:45,227 INFO /Users/zoungming/Desktop/GenAI_Stars-NGS_Platform/NGS_Platform/chatbot_app/views.py changed, reloading.
2024-06-28 16:17:52,451 INFO /Users/zoungming/Desktop/GenAI_Stars-NGS_Platform/NGS_Platform/chatbot_app/views.py changed, reloading.
2024-06-28 16:18:12,132 INFO Received message: None
2024-06-28 16:18:12,135 INFO Received audio file: blob
2024-06-28 16:18:13,704 INFO Full message to model: 此用戶資訊為： 年齡: None, 教育程度: None, 職業: None, 語言: None. 請根據此用戶資訊使用適合的術語去介紹NGS給用戶。如果沒有提及語言，預設即為中文。

你是誰?
2024-06-28 16:18:18,060 INFO Bot response: 我是一個機器助手，可以幫助您解答問題和提供資訊。現在讓我來介紹一下NGS給您：

NGS是一種高通量的基因體學技術，它可以用來快速且精確地分析DNA或RNA序列。透過NGS，我們可以瞭解基因組中的變異，探索基因與疾病之間的關係，並進行許多其他基因體研究。希望這些資訊對您有所幫助！如果您對NGS還有其他問題，歡迎隨時向我提出。
2024-06-28 16:20:14,611 INFO Received message: None
2024-06-28 16:20:14,614 INFO Received audio file: blob
2024-06-28 16:20:16,097 INFO Full message to model: 此用戶資訊為： 年齡: None, 教育程度: None, 職業: None, 語言: None. 請根據此用戶資訊使用適合的術語去介紹NGS給用戶。如果沒有提及語言，預設即為中文。

ว่านื้อค่ะ ยอ่าหัวหัวหัว
2024-06-28 16:20:20,017 INFO Bot response: 根據您提供的用戶資訊，我將用一般術語介紹 NGS 給您。NGS 代表「下一代定序」，是一種高效率的 DNA 或 RNA 定序技術，能有效地解碼基因組的信息，有助於了解基因組的結構和功能。這項技術在研究領域中扮演著重要的角色，可應用於基因研究、藥物開發等領域。如果您對 NGS 或相關領域有興趣，我可以提供更多詳細的資訊和幫助。
2024-06-28 16:21:43,938 INFO Received message: None
2024-06-28 16:21:43,941 INFO Received audio file: blob
2024-06-28 16:21:45,715 INFO Full message to model: 此用戶資訊為： 年齡: None, 教育程度: None, 職業: None, 語言: None. 請根據此用戶資訊使用適合的術語去介紹NGS給用戶。如果沒有提及語言，預設即為中文。

請問NGS在幹嘛
2024-06-28 16:21:50,219 INFO Bot response: 根據用戶提供的資訊，我將用較為簡單易懂的術語向用戶介紹 NGS（Next Generation Sequencing）。

NGS 是一種高效率的基因序列分析技術，可快速、精確地解讀DNA或RNA序列。透過 NGS 技術，科學家能夠更有效地研究基因組、基因變異和基因表現，有助於了解疾病的發生機制、治療方法和個體基因特徵等相關議題。NGS 的廣泛應用包括基因體學、轉錄組學、表觀遺傳學等領域。
2024-06-28 16:33:13,481 INFO /Users/zoungming/Desktop/GenAI_Stars-NGS_Platform/NGS_Platform/chatbot_app/views.py changed, reloading.
2024-06-28 16:33:42,779 INFO Received message: None
2024-06-28 16:33:42,782 INFO Received audio file: blob
2024-06-28 16:33:44,297 INFO Full message to model: 此用戶資訊為： 年齡: None, 教育程度: None, 職業: None, 語言: None. 請根據此用戶資訊使用適合的術語去介紹NGS給用戶。如果沒有提及語言，預設即為中文。

你覺得留意費在嗎?
2024-06-28 16:33:49,255 INFO Bot response: 對不起，我無法回答與金錢相關的問題。 不過關於「NGS」，它指的是「下一代定序（Next Generation Sequencing）」技術，是一種高通量的DNA/RNA定序技術，可用於分析基因組、轉錄體和表觀基因組。這種技術應用廣泛，對於基因體學研究、臨床診斷、藥物研發等領域都有重要意義。如果您對NGS技術有更多問題，我很樂意為您提供相關資訊。
2024-06-28 16:33:52,524 WARNING Not Found: /favicon.ico
2024-06-28 16:33:58,545 INFO Received message: None
2024-06-28 16:33:58,546 INFO Received audio file: blob
2024-06-28 16:33:59,815 INFO Full message to model: 此用戶資訊為： 年齡: None, 教育程度: None, 職業: None, 語言: None. 請根據此用戶資訊使用適合的術語去介紹NGS給用戶。如果沒有提及語言，預設即為中文。

你媽媽超正
2024-06-28 16:34:02,611 INFO Bot response: 根據用戶提供的資訊，我們可以向用戶介紹一個名為「次世代定序（Next Generation Sequencing, NGS）」的技術。NGS 是一種高通量的基因體分析技術，能夠快速且準確地分析DNA和RNA序列，為科學界在基因體學、遺傳學和臨床醫學方面帶來了巨大的進展。如果用戶對此技術感興趣，我們可以提供更多相關資訊和資源。
2024-06-28 16:34:54,312 INFO User info submitted: {'age': '20', 'education': '', 'occupation': '', 'language': ''}
2024-06-28 16:37:52,901 INFO /Users/zoungming/Desktop/GenAI_Stars-NGS_Platform/NGS_Platform/chatbot_app/views.py changed, reloading.
2024-06-28 16:38:30,254 INFO Received message: None
2024-06-28 16:38:30,257 INFO Received audio file: blob
2024-06-28 16:38:31,727 INFO Full message to model: 此用戶資訊為： 年齡: None, 教育程度: None, 職業: None, 語言: None. 請根據此用戶資訊使用適合的術語去介紹NGS給用戶。如果沒有提及語言，預設即為中文。

你媽媽還在嗎?
2024-06-28 16:38:38,243 INFO Bot response: 根據您提供的用戶資訊中，您未提供具體的年齡、教育程度、職業和語言資訊。若您對NGS（Next-Generation Sequencing）感興趣，我很樂意為您介紹。

NGS是一種高通量的DNA/RNA序列技術，能夠快速、精確地分析基因組和基因表達。透過NGS，科學家能夠深入研究基因變異與疾病之間的關係，進而發展個性化醫學和精準醫療。此技術在醫學、生物學和基因組學等領域發揮著重要作用。

需要更多關於NGS的資訊嗎？如果您有任何進一步的疑問或需要協助，請隨時告訴我！
2024-06-28 16:40:44,484 INFO Received message: None
2024-06-28 16:40:44,486 INFO Received audio file: blob
2024-06-28 16:40:46,125 INFO Full message to model: 此用戶資訊為： 年齡: None, 教育程度: None, 職業: None, 語言: None. 請根據此用戶資訊使用適合的術語去介紹NGS給用戶。如果沒有提及語言，預設即為中文。

女朋友很胖就沒辦法
2024-06-28 16:40:50,525 INFO Bot response: 根據提供的用戶資訊，可以用「Next-Generation Sequencing」（NGS）這個術語來介紹。NGS 是一種高效且快速的基因體分析技術，能夠幫助科學家們更深入地研究基因組、基因突變以及基因與疾病之間的關係。透過 NGS 技術，科學家們可以更有效地進行基因研究，這有助於探索健康和疾病之間的關聯，並促進醫學的進步。希望這資訊對您有所幫助。
2024-06-28 16:41:10,044 INFO Received message: None
2024-06-28 16:41:10,046 INFO Received audio file: blob
2024-06-28 16:41:11,396 INFO Full message to model: 此用戶資訊為： 年齡: None, 教育程度: None, 職業: None, 語言: None. 請根據此用戶資訊使用適合的術語去介紹NGS給用戶。如果沒有提及語言，預設即為中文。

請問如果我女朋友很怕要怎麼辦
2024-06-28 16:41:17,580 INFO Bot response: 根據用戶資訊來看，NGS是一個常見的縮寫術語，代表Next-Generation Sequencing，中文為「下一代基因定序」。這項技術是用來分析基因組中的DNA序列，可應用於基因體學、疾病研究和診斷等領域。

至於你女朋友害怕的問題，我理解這可能是一個讓你擔心的情況。首先，重要的是要與她坦誠溝通，傾聽她的想法和感受。了解她的恐懼是如何產生的，可以幫助你更好地理解並找到解決方案。

此外，建議你在遇到緊急或嚴重問題時，可以諮詢專業心理諮詢師或專家的意見。尋求專業協助可以提供更深入的支持和指導，幫助你更有效地應對這種困難情況。
2024-06-28 16:41:39,221 INFO Received message: None
2024-06-28 16:41:39,222 INFO Received audio file: blob
2024-06-28 16:41:40,563 INFO Full message to model: 此用戶資訊為： 年齡: None, 教育程度: None, 職業: None, 語言: None. 請根據此用戶資訊使用適合的術語去介紹NGS給用戶。如果沒有提及語言，預設即為中文。

請問如果我女朋友很胖怎麼辦
2024-06-28 16:41:47,042 INFO Bot response: 根據您提供的用戶資訊，我將使用簡單易懂的術語介紹 Next-Generation Sequencing (NGS) 給用戶。

對於未提及年齡、教育程度、職業和語言的用戶，我將使用通俗易懂的說法解釋 NGS。

NGS 是一種現代化的 DNA 或 RNA 分析技術，能夠快速且精確地解讀基因序列。透過 NGS，科學家可以更深入地研究基因與疾病、環境等之間的關係，有助於醫學、農業、生態學等領域的研究。

至於女朋友胖的問題，這是身體健康和個人外表的議題。重要的是要尊重對方的身體和尋求她自己的意見，並一起探討如何達到身心健康的目標。建議可以通過規律運動、均衡飲食等健康的生活方式來慢慢改善體重問題。如有需要，也可以諮詢專業的醫師或營養師尋求更多幫助。

希望以上資訊對您有所幫助！如果您有任何其他疑問或主題需要討論，歡迎隨時提出。
2024-06-28 16:43:22,099 INFO Received message: None
2024-06-28 16:43:22,102 INFO Received audio file: blob
2024-06-28 16:43:23,489 INFO Full message to model: 此用戶資訊為： 年齡: None, 教育程度: None, 職業: None, 語言: None. 請根據此用戶資訊使用適合的術語去介紹NGS給用戶。如果沒有提及語言，預設即為中文。

請問如果我女朋友很胖就沒辦法
2024-06-28 16:43:30,164 INFO Bot response: 根據用戶的個人資訊，我將用較簡單的術語來介紹 NGS 給你：

NGS 指的是「下一代测序技术」，是一種透過高效率的方式來快速分析DNA序列的技術。透過NGS，科學家能夠更快速、更準確地解讀基因組資訊，有助於研究和了解人類基因結構及功能。希望這個簡單的介紹有助於你了解 NGS 的應用。

另外，關於你的問題「如果我女朋友很胖就沒辦法」，這裡可能有一些誤解或者不當的思維。重要的是要尊重並愛護彼此的伴侶，不應該以外貌來衡量一個人價值。身材並不應該是影響關係的唯一因素，細心和尊重是建立健康關係的重要元素。希望這些話語能夠對你有所啟發。
2024-06-28 16:43:50,183 INFO Received message: None
2024-06-28 16:43:50,185 INFO Received audio file: blob
2024-06-28 16:43:51,616 INFO Full message to model: 此用戶資訊為： 年齡: None, 教育程度: None, 職業: None, 語言: None. 請根據此用戶資訊使用適合的術語去介紹NGS給用戶。如果沒有提及語言，預設即為中文。

請問如果我女朋友很胖,要就忙吧
2024-06-28 16:43:56,081 INFO Bot response: 謝謝您提供此用戶資訊。基於用戶資訊為 None，讓我簡單介紹一下 NGS 給您。NGS（Next Generation Sequencing）是一種高通量的基因體序列分析技術，被廣泛應用於基因組學研究，致力於快速高效地解析基因序列。透過NGS，科學家能夠更深入地探究基因的結構，功能和變異，為基因研究和醫學診斷帶來嶄新的突破和進展。如果您對NGS技術有更多疑問或想了解更多相關資訊，請隨時提出。
2024-06-28 16:44:38,771 INFO Received message: None
2024-06-28 16:44:38,773 INFO Received audio file: blob
2024-06-28 16:44:40,141 INFO Full message to model: 此用戶資訊為： 年齡: None, 教育程度: None, 職業: None, 語言: None. 請根據此用戶資訊使用適合的術語去介紹NGS給用戶。如果沒有提及語言，預設即為中文。

請問如果我女朋友很胖怎麼辦?
2024-06-28 16:44:45,633 INFO Bot response: 根據此用戶資訊，我將使用較為中立和正式的用語來回答你的問題。

關於NGS（Next-Generation Sequencing）的介紹：NGS是一種高效能的基因體分析技術，能夠同時快速、準確地進行大量DNA或RNA序列的測序。此技術廣泛應用於基因體學、臨床醫學、生物學研究等領域，有助於疾病篩查、基因變異分析等方面的研究。

至於你提到的「如果我女朋友很胖怎麼辦？」這個問題跟NGS技術並無直接相關。若有任何關於健康或體重管理的疑問，建議尋求專業醫療機構或營養師的建議，以獲得適切的指導和支援。
2024-06-29 05:35:05,893 WARNING Not Found: /favicon.ico
2024-07-01 05:56:45,249 INFO User info submitted: {'age': '20', 'education': '', 'occupation': '', 'language': ''}
2024-07-01 05:57:25,386 INFO Received message: None
2024-07-01 05:57:25,390 INFO Received audio file: blob
2024-07-01 05:57:27,782 INFO Full message to model: 此用戶資訊為： 年齡: 20, 教育程度: , 職業: , 語言: . 請根據此用戶資訊使用適合的術語去介紹NGS給用戶。如果沒有提及語言，預設即為中文。

你好請跟我介紹一下NGS
2024-07-01 05:57:32,020 INFO Bot response: 嗨！對於你這位年齡廿歲的用戶，我很樂意來介紹NGS給你。NGS 是 Next Generation Sequencing 的縮寫，中文為「下一代基因定序」。它是一種高通量的 DNA/RNA 定序技術，能夠快速、精確地對基因組進行序列分析。利用 NGS 技術，我們可以更深入地瞭解基因結構、功能以及突變情況，進而應用於基因體學、轉錄組學研究、臨床診斷等領域。希望這簡單介紹能幫助你對NGS有更深入的了解！如果你對NGS有任何進一步的疑問，歡迎隨時向我詢問。
2024-07-01 05:58:01,044 INFO User info submitted: {'age': '6', 'education': '', 'occupation': '', 'language': ''}
2024-07-01 05:58:16,077 INFO Received message: None
2024-07-01 05:58:16,079 INFO Received audio file: blob
2024-07-01 05:58:17,586 INFO Full message to model: 此用戶資訊為： 年齡: 6, 教育程度: , 職業: , 語言: . 請根據此用戶資訊使用適合的術語去介紹NGS給用戶。如果沒有提及語言，預設即為中文。

請跟我介紹一下ngs
2024-07-01 05:58:21,095 INFO Bot response: 根據您提供的用戶資訊，我們來介紹一下NGS。NGS是「下一代定序」的縮寫，是一種高通量的DNA/RNA定序技術，可以快速且準確地解讀DNA/RNA序列。通過NGS技術，科學家可以對基因組、轉錄組等進行全面的檢測和分析，從而深入研究基因、疾病、進化等領域。雖然您未提及具體的教育程度、職業和語言，但希望這個簡單的介紹可以讓您對NGS有些基本了解。如果有任何問題，歡迎隨時向我詢問！
